<?xml version="1.0" encoding="UTF-8"?>
<!-- Generated by org.testng.reporters.JUnitXMLReporter -->
<testsuite hostname="LAPTOP-FTFAHAJ5" ignored="0" name="Challenge Firefox Test" tests="7" failures="0" timestamp="2021-05-21T07:39:53 CDT" time="238.737" errors="0">
  <testcase name="addAllProducts" time="39.743" classname="testcases.AddAllProductsTest"/>
  <testcase name="addProduct" time="22.816" classname="testcases.AddProductTest"/>
  <testcase name="invalidCredentials" time="12.798" classname="testcases.InvalidLoginTest"/>
  <testcase name="logOut" time="20.202" classname="testcases.LogoutTest"/>
  <testcase name="purchase" time="35.637" classname="testcases.PurchaseTest"/>
  <testcase name="sortProductsByPrice" time="38.821" classname="testcases.SortProductsByPriceTest"/>
  <testcase name="validCredentials" time="9.566" classname="testcases.ValidLoginTest"/>
</testsuite> <!-- Challenge Firefox Test -->
