<?xml version="1.0" encoding="UTF-8"?>
<!-- Generated by org.testng.reporters.JUnitXMLReporter -->
<testsuite hostname="LAPTOP-FTFAHAJ5" ignored="0" name="Challenge Application Test" tests="7" failures="0" timestamp="2021-05-21T05:46:20 CDT" time="226.61" errors="0">
  <testcase name="addAllProducts" time="35.128" classname="testcases.AddAllProductsTest"/>
  <testcase name="addProduct" time="21.821" classname="testcases.AddProductTest"/>
  <testcase name="invalidCredentials" time="12.476" classname="testcases.InvalidLoginTest"/>
  <testcase name="logOut" time="23.845" classname="testcases.LogoutTest"/>
  <testcase name="purchase" time="34.543" classname="testcases.PurchaseTest"/>
  <testcase name="sortProductsByPrice" time="37.856" classname="testcases.SortProductsByPriceTest"/>
  <testcase name="validCredentials" time="9.494" classname="testcases.ValidLoginTest"/>
</testsuite> <!-- Challenge Application Test -->
