<?xml version="1.0" encoding="UTF-8"?>
<!-- Generated by org.testng.reporters.JUnitXMLReporter -->
<testsuite hostname="LAPTOP-FTFAHAJ5" ignored="0" name="Challenge Chrome Test" tests="7" failures="0" timestamp="2021-05-21T07:35:54 CDT" time="245.059" errors="0">
  <testcase name="addAllProducts" time="35.087" classname="testcases.AddAllProductsTest"/>
  <testcase name="addProduct" time="21.887" classname="testcases.AddProductTest"/>
  <testcase name="invalidCredentials" time="12.557" classname="testcases.InvalidLoginTest"/>
  <testcase name="logOut" time="19.696" classname="testcases.LogoutTest"/>
  <testcase name="purchase" time="34.763" classname="testcases.PurchaseTest"/>
  <testcase name="sortProductsByPrice" time="37.86" classname="testcases.SortProductsByPriceTest"/>
  <testcase name="validCredentials" time="9.538" classname="testcases.ValidLoginTest"/>
</testsuite> <!-- Challenge Chrome Test -->
