<?xml version="1.0" encoding="UTF-8"?>
<!-- Generated by org.testng.reporters.JUnitXMLReporter -->
<testsuite hostname="LAPTOP-FTFAHAJ5" ignored="0" name="Challenge Edge Test" tests="7" failures="0" timestamp="2021-05-21T07:44:22 CDT" time="269.3" errors="0">
  <testcase name="addAllProducts" time="35.631" classname="testcases.AddAllProductsTest"/>
  <testcase name="addProduct" time="22.092" classname="testcases.AddProductTest"/>
  <testcase name="invalidCredentials" time="12.535" classname="testcases.InvalidLoginTest"/>
  <testcase name="logOut" time="19.69" classname="testcases.LogoutTest"/>
  <testcase name="purchase" time="34.743" classname="testcases.PurchaseTest"/>
  <testcase name="sortProductsByPrice" time="37.919" classname="testcases.SortProductsByPriceTest"/>
  <testcase name="validCredentials" time="9.539" classname="testcases.ValidLoginTest"/>
</testsuite> <!-- Challenge Edge Test -->
